2025-11-07 12:46:28.248 +08:00 [WRN] Failed to determine the https port for redirect.
2025-11-07 13:02:27.937 +08:00 [WRN] Failed to determine the https port for redirect.
2025-11-07 13:03:47.713 +08:00 [WRN] Failed to determine the https port for redirect.
2025-11-07 13:04:21.032 +08:00 [WRN] Get failed: Task "2f06ced4-d47e-4e7c-982c-efc79659f0f3" not found.
2025-11-07 13:05:08.163 +08:00 [WRN] Failed to determine the https port for redirect.
2025-11-07 13:05:10.541 +08:00 [INF] Request get:/api/tasks from IP ::1 has been blocked, quota 5/10s exceeded by 1. Blocked by rule *, TraceIdentifier 0HNGTNCK7O50F:00000006. MonitorMode: False
2025-11-07 13:05:10.782 +08:00 [INF] Request get:/api/tasks from IP ::1 has been blocked, quota 5/10s exceeded by 2. Blocked by rule *, TraceIdentifier 0HNGTNCK7O50F:00000007. MonitorMode: False
2025-11-07 13:05:14.582 +08:00 [INF] Request get:/api/tasks from IP ::1 has been blocked, quota 5/10s exceeded by 3. Blocked by rule *, TraceIdentifier 0HNGTNCK7O50G:00000001. MonitorMode: False
2025-11-07 13:10:57.578 +08:00 [WRN] Failed to determine the https port for redirect.
2025-11-07 13:14:58.825 +08:00 [WRN] Failed to determine the https port for redirect.
2025-11-07 13:31:45.155 +08:00 [WRN] Failed to determine the https port for redirect.
2025-11-07 13:36:38.113 +08:00 [WRN] Failed to determine the https port for redirect.
2025-11-07 13:48:17.252 +08:00 [WRN] Failed to determine the https port for redirect.
2025-11-07 13:48:46.189 +08:00 [WRN] Blocked XSS attempt on /api/tasks
2025-11-07 13:49:26.448 +08:00 [WRN] Blocked XSS attempt on /api/tasks
2025-11-07 14:03:20.635 +08:00 [WRN] Failed to determine the https port for redirect.
2025-11-07 14:03:37.718 +08:00 [WRN] Blocked XSS attempt on /api/tasks
2025-11-07 14:06:08.233 +08:00 [WRN] Failed to determine the https port for redirect.
2025-11-07 14:06:20.181 +08:00 [WRN] Blocked XSS attempt on /api/tasks
2025-11-07 15:02:03.871 +08:00 [WRN] Failed to determine the https port for redirect.
2025-11-07 15:02:12.556 +08:00 [INF] Task hello created successfully.
2025-11-07 15:02:29.109 +08:00 [INF] Task Id 1c49d59a-15c7-4602-afda-df75370b1147 updated successfully.
2025-11-07 15:02:38.904 +08:00 [INF] Task helloz deleted successfully.
2025-11-07 15:39:32.864 +08:00 [WRN] Failed to determine the https port for redirect.
2025-11-07 15:40:54.255 +08:00 [WRN] Failed to determine the https port for redirect.
2025-11-07 15:41:01.884 +08:00 [INF] Task xx created successfully.
2025-11-07 15:41:12.115 +08:00 [WRN] Blocked XSS attempt on /api/tasks/9bd9e56b-0598-48b4-8938-f8a1c39c785c
2025-11-07 15:41:15.934 +08:00 [INF] Task Id 9bd9e56b-0598-48b4-8938-f8a1c39c785c updated successfully.
2025-11-07 18:46:53.079 +08:00 [WRN] Failed to determine the https port for redirect.
2025-11-07 18:49:38.690 +08:00 [WRN] Blocked XSS attempt on /api/tasks
2025-11-07 18:50:37.803 +08:00 [INF] Task abcd created successfully.
2025-11-07 18:51:05.173 +08:00 [INF] Task xccxx created successfully.
2025-11-07 18:51:11.043 +08:00 [INF] Task Id f18c4131-4690-43ce-8f0d-817ff710f6a8 updated successfully.
2025-11-07 18:51:14.644 +08:00 [INF] Request get:/api/tasks from IP ::1 has been blocked, quota 5/10s exceeded by 1. Blocked by rule *, TraceIdentifier 0HNGTTBQV1JLN:00000003. MonitorMode: False
2025-11-07 18:51:14.842 +08:00 [INF] Request get:/api/tasks from IP ::1 has been blocked, quota 5/10s exceeded by 2. Blocked by rule *, TraceIdentifier 0HNGTTBQV1JLN:00000004. MonitorMode: False
2025-11-07 18:51:19.341 +08:00 [INF] Request get:/api/tasks from IP ::1 has been blocked, quota 5/10s exceeded by 3. Blocked by rule *, TraceIdentifier 0HNGTTBQV1JLO:00000001. MonitorMode: False
2025-11-07 18:51:39.093 +08:00 [WRN] Blocked XSS attempt on /api/tasks
2025-11-07 18:51:42.611 +08:00 [INF] Task xx created successfully.
2025-11-07 18:51:54.971 +08:00 [WRN] Blocked XSS attempt on /api/tasks/11053058-18d7-474a-84d3-a29771118c29
2025-11-07 18:51:58.315 +08:00 [INF] Task Id 11053058-18d7-474a-84d3-a29771118c29 updated successfully.
